<?xml version="1.0" encoding="UTF-8"?>
<testng-results skipped="1" failed="0" total="7" passed="6">
  <reporter-output>
  </reporter-output>
  <suite name="Default suite" duration-ms="37291" started-at="2021-07-15T09:46:44Z" finished-at="2021-07-15T09:47:22Z">
    <groups>
      <group name="cucumber">
        <method signature="AbstractTestNGCucumberTests.runScenario(io.cucumber.testng.PickleWrapper, io.cucumber.testng.FeatureWrapper)[pri:0, instance:parallel.ParallelRun@5383967b]" name="runScenario" class="io.cucumber.testng.AbstractTestNGCucumberTests"/>
      </group> <!-- cucumber -->
    </groups>
    <test name="Default test" duration-ms="37291" started-at="2021-07-15T09:46:44Z" finished-at="2021-07-15T09:47:22Z">
      <class name="parallel.ParallelRun">
        <test-method status="PASS" signature="setUpClass()[pri:0, instance:parallel.ParallelRun@5383967b]" name="setUpClass" is-config="true" duration-ms="322" started-at="2021-07-15T05:46:44Z" finished-at="2021-07-15T05:46:45Z">
          <reporter-output>
          </reporter-output>
        </test-method> <!-- setUpClass -->
        <test-method status="PASS" signature="runScenario(io.cucumber.testng.PickleWrapper, io.cucumber.testng.FeatureWrapper)[pri:0, instance:parallel.ParallelRun@5383967b]" name="runScenario" duration-ms="32001" started-at="2021-07-15T05:46:45Z" description="Runs Cucumber Scenarios" data-provider="scenarios" finished-at="2021-07-15T05:47:17Z">
          <params>
            <param index="0">
              <value>
                <![CDATA["To verify the functionality add the pay grade"]]>
              </value>
            </param>
            <param index="1">
              <value>
                <![CDATA["Optional[This file contains scenarios for the Job Titles]"]]>
              </value>
            </param>
          </params>
          <reporter-output>
          </reporter-output>
        </test-method> <!-- runScenario -->
        <test-method status="PASS" signature="runScenario(io.cucumber.testng.PickleWrapper, io.cucumber.testng.FeatureWrapper)[pri:0, instance:parallel.ParallelRun@5383967b]" name="runScenario" duration-ms="13465" started-at="2021-07-15T05:46:45Z" description="Runs Cucumber Scenarios" data-provider="scenarios" finished-at="2021-07-15T05:46:58Z">
          <params>
            <param index="0">
              <value>
                <![CDATA["Verify Login page title"]]>
              </value>
            </param>
            <param index="1">
              <value>
                <![CDATA["Optional[Orangehrm Login Page feature]"]]>
              </value>
            </param>
          </params>
          <reporter-output>
          </reporter-output>
        </test-method> <!-- runScenario -->
        <test-method status="PASS" signature="runScenario(io.cucumber.testng.PickleWrapper, io.cucumber.testng.FeatureWrapper)[pri:0, instance:parallel.ParallelRun@5383967b]" name="runScenario" duration-ms="13482" started-at="2021-07-15T05:46:45Z" description="Runs Cucumber Scenarios" data-provider="scenarios" finished-at="2021-07-15T05:46:58Z">
          <params>
            <param index="0">
              <value>
                <![CDATA["Verify forgot password link"]]>
              </value>
            </param>
            <param index="1">
              <value>
                <![CDATA["Optional[Orangehrm Login Page feature]"]]>
              </value>
            </param>
          </params>
          <reporter-output>
          </reporter-output>
        </test-method> <!-- runScenario -->
        <test-method status="PASS" signature="runScenario(io.cucumber.testng.PickleWrapper, io.cucumber.testng.FeatureWrapper)[pri:0, instance:parallel.ParallelRun@5383967b]" name="runScenario" duration-ms="36937" started-at="2021-07-15T05:46:45Z" description="Runs Cucumber Scenarios" data-provider="scenarios" finished-at="2021-07-15T05:47:22Z">
          <params>
            <param index="0">
              <value>
                <![CDATA["To Verify able to add user in the application"]]>
              </value>
            </param>
            <param index="1">
              <value>
                <![CDATA["Optional[This file contains scenarios for the Users]"]]>
              </value>
            </param>
          </params>
          <reporter-output>
          </reporter-output>
        </test-method> <!-- runScenario -->
        <test-method status="PASS" signature="runScenario(io.cucumber.testng.PickleWrapper, io.cucumber.testng.FeatureWrapper)[pri:0, instance:parallel.ParallelRun@5383967b]" name="runScenario" duration-ms="29882" started-at="2021-07-15T05:46:45Z" description="Runs Cucumber Scenarios" data-provider="scenarios" finished-at="2021-07-15T05:47:15Z">
          <params>
            <param index="0">
              <value>
                <![CDATA["To verify the functionality add the job title"]]>
              </value>
            </param>
            <param index="1">
              <value>
                <![CDATA["Optional[This file contains scenarios for the Job Titles]"]]>
              </value>
            </param>
          </params>
          <reporter-output>
          </reporter-output>
        </test-method> <!-- runScenario -->
        <test-method status="SKIP" signature="runScenario(io.cucumber.testng.PickleWrapper, io.cucumber.testng.FeatureWrapper)[pri:0, instance:parallel.ParallelRun@5383967b]" name="runScenario" duration-ms="7098" started-at="2021-07-15T05:46:45Z" description="Runs Cucumber Scenarios" data-provider="scenarios" finished-at="2021-07-15T05:46:52Z">
          <params>
            <param index="0">
              <value>
                <![CDATA["To verify the functionality of add the location in the organizations"]]>
              </value>
            </param>
            <param index="1">
              <value>
                <![CDATA["Optional[This file contains scenarios for the Organization features]"]]>
              </value>
            </param>
          </params>
          <exception class="org.testng.SkipException">
            <message>
              <![CDATA[got: <false>, expected: is <true>]]>
            </message>
            <full-stacktrace>
              <![CDATA[org.testng.SkipException: got: <false>, expected: is <true>
	at io.cucumber.testng.TestCaseResultObserver.lambda$assertTestCasePassed$1(TestCaseResultObserver.java:27)
	at io.cucumber.core.runtime.TestCaseResultObserver.assertTestCasePassed(TestCaseResultObserver.java:99)
	at io.cucumber.testng.TestCaseResultObserver.assertTestCasePassed(TestCaseResultObserver.java:23)
	at io.cucumber.testng.TestNGCucumberRunner.lambda$runScenario$0(TestNGCucumberRunner.java:117)
	at io.cucumber.core.runtime.CucumberExecutionContext.runTestCase(CucumberExecutionContext.java:117)
	at io.cucumber.testng.TestNGCucumberRunner.runScenario(TestNGCucumberRunner.java:113)
	at io.cucumber.testng.AbstractTestNGCucumberTests.runScenario(AbstractTestNGCucumberTests.java:31)
	at sun.reflect.NativeMethodAccessorImpl.invoke0(Native Method)
	at sun.reflect.NativeMethodAccessorImpl.invoke(NativeMethodAccessorImpl.java:62)
	at sun.reflect.DelegatingMethodAccessorImpl.invoke(DelegatingMethodAccessorImpl.java:43)
	at java.lang.reflect.Method.invoke(Method.java:498)
	at org.testng.internal.MethodInvocationHelper.invokeMethod(MethodInvocationHelper.java:100)
	at org.testng.internal.Invoker.invokeMethod(Invoker.java:646)
	at org.testng.internal.Invoker.invokeTestMethod(Invoker.java:811)
	at org.testng.internal.TestMethodWithDataProviderMethodWorker.call(TestMethodWithDataProviderMethodWorker.java:75)
	at org.testng.internal.TestMethodWithDataProviderMethodWorker.call(TestMethodWithDataProviderMethodWorker.java:14)
	at java.util.concurrent.FutureTask.run(FutureTask.java:266)
	at java.util.concurrent.Executors$RunnableAdapter.call(Executors.java:511)
	at java.util.concurrent.FutureTask.run(FutureTask.java:266)
	at java.util.concurrent.ThreadPoolExecutor.runWorker(ThreadPoolExecutor.java:1149)
	at java.util.concurrent.ThreadPoolExecutor$Worker.run(ThreadPoolExecutor.java:624)
	at java.lang.Thread.run(Thread.java:748)
Caused by: org.junit.AssumptionViolatedException: got: <false>, expected: is <true>
	at org.junit.Assume.assumeThat(Assume.java:106)
	at org.junit.Assume.assumeTrue(Assume.java:50)
	at parallel.ApplicationHooks.skip_scenario(ApplicationHooks.java:30)
]]>
            </full-stacktrace>
          </exception> <!-- org.testng.SkipException -->
          <reporter-output>
          </reporter-output>
        </test-method> <!-- runScenario -->
        <test-method status="PASS" signature="runScenario(io.cucumber.testng.PickleWrapper, io.cucumber.testng.FeatureWrapper)[pri:0, instance:parallel.ParallelRun@5383967b]" name="runScenario" duration-ms="16612" started-at="2021-07-15T05:46:45Z" description="Runs Cucumber Scenarios" data-provider="scenarios" finished-at="2021-07-15T05:47:01Z">
          <params>
            <param index="0">
              <value>
                <![CDATA["verify login with corrent credentials"]]>
              </value>
            </param>
            <param index="1">
              <value>
                <![CDATA["Optional[Orangehrm Login Page feature]"]]>
              </value>
            </param>
          </params>
          <reporter-output>
          </reporter-output>
        </test-method> <!-- runScenario -->
        <test-method status="PASS" signature="tearDownClass()[pri:0, instance:parallel.ParallelRun@5383967b]" name="tearDownClass" is-config="true" duration-ms="10" started-at="2021-07-15T05:47:22Z" finished-at="2021-07-15T05:47:22Z">
          <reporter-output>
          </reporter-output>
        </test-method> <!-- tearDownClass -->
      </class> <!-- parallel.ParallelRun -->
    </test> <!-- Default test -->
  </suite> <!-- Default suite -->
</testng-results>
